2026-02-21 14:26:00,036 - WARNING - (trapped) error reading bcrypt version
Traceback (most recent call last):
  File "D:\SHSS\backend\venv\Lib\site-packages\passlib\handlers\bcrypt.py", line 620, in _load_backend_mixin
    version = _bcrypt.__about__.__version__
              ^^^^^^^^^^^^^^^^^
AttributeError: module 'bcrypt' has no attribute '__about__'
2026-02-21 14:26:01,625 - WARNING - (trapped) error reading bcrypt version
Traceback (most recent call last):
  File "D:\SHSS\backend\venv\Lib\site-packages\passlib\handlers\bcrypt.py", line 620, in _load_backend_mixin
    version = _bcrypt.__about__.__version__
              ^^^^^^^^^^^^^^^^^
AttributeError: module 'bcrypt' has no attribute '__about__'
2026-02-21 14:32:39,024 - WARNING - (trapped) error reading bcrypt version
Traceback (most recent call last):
  File "D:\SHSS\backend\venv\Lib\site-packages\passlib\handlers\bcrypt.py", line 620, in _load_backend_mixin
    version = _bcrypt.__about__.__version__
              ^^^^^^^^^^^^^^^^^
AttributeError: module 'bcrypt' has no attribute '__about__'
2026-02-21 14:36:13,051 - WARNING - (trapped) error reading bcrypt version
Traceback (most recent call last):
  File "D:\SHSS\backend\venv\Lib\site-packages\passlib\handlers\bcrypt.py", line 620, in _load_backend_mixin
    version = _bcrypt.__about__.__version__
              ^^^^^^^^^^^^^^^^^
AttributeError: module 'bcrypt' has no attribute '__about__'
2026-02-21 23:43:15,704 - WARNING - (trapped) error reading bcrypt version
Traceback (most recent call last):
  File "D:\SHSS\backend\venv\Lib\site-packages\passlib\handlers\bcrypt.py", line 620, in _load_backend_mixin
    version = _bcrypt.__about__.__version__
              ^^^^^^^^^^^^^^^^^
AttributeError: module 'bcrypt' has no attribute '__about__'
2026-02-21 23:44:44,378 - WARNING - (trapped) error reading bcrypt version
Traceback (most recent call last):
  File "D:\SHSS\backend\venv\Lib\site-packages\passlib\handlers\bcrypt.py", line 620, in _load_backend_mixin
    version = _bcrypt.__about__.__version__
              ^^^^^^^^^^^^^^^^^
AttributeError: module 'bcrypt' has no attribute '__about__'
2026-02-21 23:44:44,659 - WARNING - (trapped) error reading bcrypt version
Traceback (most recent call last):
  File "D:\SHSS\backend\venv\Lib\site-packages\passlib\handlers\bcrypt.py", line 620, in _load_backend_mixin
    version = _bcrypt.__about__.__version__
              ^^^^^^^^^^^^^^^^^
AttributeError: module 'bcrypt' has no attribute '__about__'
2026-02-21 23:55:11,305 - WARNING - (trapped) error reading bcrypt version
Traceback (most recent call last):
  File "D:\SHSS\backend\venv\Lib\site-packages\passlib\handlers\bcrypt.py", line 620, in _load_backend_mixin
    version = _bcrypt.__about__.__version__
              ^^^^^^^^^^^^^^^^^
AttributeError: module 'bcrypt' has no attribute '__about__'
2026-02-22 00:15:27,113 - WARNING - (trapped) error reading bcrypt version
Traceback (most recent call last):
  File "D:\SHSS\backend\venv\Lib\site-packages\passlib\handlers\bcrypt.py", line 620, in _load_backend_mixin
    version = _bcrypt.__about__.__version__
              ^^^^^^^^^^^^^^^^^
AttributeError: module 'bcrypt' has no attribute '__about__'
2026-02-22 00:20:59,915 - WARNING - (trapped) error reading bcrypt version
Traceback (most recent call last):
  File "D:\SHSS\backend\venv\Lib\site-packages\passlib\handlers\bcrypt.py", line 620, in _load_backend_mixin
    version = _bcrypt.__about__.__version__
              ^^^^^^^^^^^^^^^^^
AttributeError: module 'bcrypt' has no attribute '__about__'
2026-02-22 00:23:40,330 - WARNING - (trapped) error reading bcrypt version
Traceback (most recent call last):
  File "D:\SHSS\backend\venv\Lib\site-packages\passlib\handlers\bcrypt.py", line 620, in _load_backend_mixin
    version = _bcrypt.__about__.__version__
              ^^^^^^^^^^^^^^^^^
AttributeError: module 'bcrypt' has no attribute '__about__'
2026-02-22 00:39:29,261 - WARNING - (trapped) error reading bcrypt version
Traceback (most recent call last):
  File "D:\SHSS\backend\venv\Lib\site-packages\passlib\handlers\bcrypt.py", line 620, in _load_backend_mixin
    version = _bcrypt.__about__.__version__
              ^^^^^^^^^^^^^^^^^
AttributeError: module 'bcrypt' has no attribute '__about__'
2026-02-22 10:01:16,828 - INFO - New user registered: harivenkatesh463@gmail.com
2026-02-22 10:08:50,130 - INFO - New user registered: hari@gmail.com
2026-02-22 10:22:46,357 - INFO - User logged in: harivenkatesh463@gmail.com
2026-02-22 10:29:00,964 - INFO - User logged in: hari@gmail.com
2026-02-22 10:52:57,433 - INFO - New user registered: vinay@gmail.com
2026-02-22 10:53:36,078 - INFO - User logged in: vinay@gmail.com
2026-02-22 10:59:08,952 - INFO - Report submitted for village: vanasthalipuram
2026-02-22 11:17:34,382 - INFO - Report submitted for village: rampur
2026-02-22 11:17:34,384 - WARNING - \u26a0 Outbreak suspected in village: rampur
2026-02-22 11:26:19,107 - INFO - User logged in: hari@gmail.com
2026-02-22 11:47:06,261 - INFO - User logged in: vinay@gmail.com
2026-02-22 11:48:36,045 - INFO - Report submitted for village: hyderabad
2026-02-22 11:56:49,113 - INFO - Report submitted for village: chennai
2026-02-22 11:56:49,217 - WARNING - \u26a0 Outbreak suspected in village: chennai
2026-02-22 11:57:45,923 - INFO - User logged in: harivenkatesh463@gmail.com
2026-02-22 12:23:44,361 - INFO - User logged in: vinay@gmail.com
2026-02-22 12:25:52,306 - INFO - Report submitted for village: kerala
2026-02-22 12:25:52,506 - WARNING - \u26a0 Outbreak suspected in village: kerala | Severity: High
2026-02-22 12:26:37,606 - INFO - User logged in: hari@gmail.com
2026-02-22 12:41:53,008 - INFO - User logged in: vinay@gmail.com
2026-02-22 12:43:34,240 - INFO - Report submitted for village: odisha
2026-02-22 12:43:34,292 - WARNING - \u26a0 New outbreak alert created for odisha | Severity: High
2026-02-22 12:44:38,408 - INFO - Report submitted for village: odisha
2026-02-22 12:44:38,424 - INFO - Duplicate alert prevented for village: odisha
2026-02-22 12:45:36,890 - INFO - User logged in: hari@gmail.com
2026-02-22 12:52:14,393 - INFO - User logged in: vinay@gmail.com
2026-02-22 12:54:01,357 - INFO - Report submitted for village: goa
2026-02-22 12:54:01,390 - WARNING - \u26a0 New outbreak alert created for goa | Severity: High
2026-02-22 12:54:49,657 - INFO - User logged in: hari@gmail.com
2026-02-22 15:54:48,199 - INFO - User logged in: hari@gmail.com
2026-02-22 15:56:28,065 - INFO - User logged in: vinay@gmail.com
2026-02-22 18:56:20,266 - INFO - User logged in: vinay@gmail.com
2026-02-22 18:56:35,574 - INFO - User logged in: hari@gmail.com
2026-02-22 22:14:19,414 - INFO - User logged in: vinay@gmail.com
2026-02-22 22:50:59,840 - INFO - User logged in: vinay@gmail.com
2026-02-22 22:58:52,524 - INFO - User logged in: vinay@gmail.com
2026-02-22 23:00:10,538 - INFO - Report submitted for village: vanasthalipuram
2026-02-22 23:00:47,206 - INFO - User logged in: hari@gmail.com
2026-02-22 23:03:15,662 - INFO - Report submitted for village: vanasthalipuram
2026-02-22 23:05:49,199 - INFO - Report submitted for village: vanasthalipuram
2026-02-22 23:05:49,577 - WARNING - \u26a0 New outbreak alert created for vanasthalipuram | Severity: High
2026-02-22 23:07:08,422 - INFO - Report submitted for village: vanasthalipuram
2026-02-22 23:07:08,526 - INFO - Duplicate alert prevented for village: vanasthalipuram
2026-02-22 23:36:14,722 - INFO - Report submitted for village: hyd
2026-02-22 23:42:27,526 - INFO - Report submitted for village: goa
2026-02-22 23:42:50,256 - INFO - Report submitted for village: goa
2026-02-22 23:43:12,504 - INFO - Report submitted for village: goa
2026-02-22 23:43:33,446 - INFO - Report submitted for village: goa
2026-02-22 23:44:16,078 - INFO - Report submitted for village: b
2026-02-22 23:44:28,177 - INFO - Report submitted for village: b
2026-02-22 23:44:39,523 - INFO - Report submitted for village: b
2026-02-22 23:44:50,992 - INFO - Report submitted for village: b
2026-02-22 23:55:46,467 - INFO - Village: c | Disease: vomiting | Total Cases: 1
2026-02-22 23:55:46,670 - INFO - Village: c | Disease: vomiting | Total Cases: 2
2026-02-22 23:56:04,494 - INFO - Village: c | Disease: vomiting | Total Cases: 3
2026-02-22 23:56:04,698 - WARNING - \u26a0 Outbreak Alert Created | Village: c | Disease: vomiting | Severity: Medium
2026-02-22 23:56:25,071 - INFO - Village: c | Disease: vomiting | Total Cases: 4
2026-02-22 23:56:25,179 - INFO - Duplicate alert prevented for c - vomiting
2026-02-22 23:56:51,086 - INFO - Village: k | Disease: jaundice | Total Cases: 1
2026-02-22 23:57:01,949 - INFO - Village: k | Disease: jaundice | Total Cases: 2
2026-02-22 23:57:18,038 - INFO - Village: k | Disease: jaundice | Total Cases: 3
2026-02-22 23:57:18,220 - WARNING - \u26a0 Outbreak Alert Created | Village: k | Disease: jaundice | Severity: Medium
2026-02-23 19:47:17,302 - INFO - User logged in: hari@gmail.com
2026-02-23 19:55:38,097 - INFO - User logged in: hari@gmail.com
2026-02-23 20:13:36,040 - INFO - User logged in: hari@gmail.com
2026-02-23 20:15:10,163 - INFO - User logged in: hari@gmail.com
2026-02-23 21:25:18,533 - INFO - User logged in: hari@gmail.com
2026-02-23 22:04:51,955 - INFO - User logged in: vinay@gmail.com
2026-02-23 22:05:26,335 - INFO - Village: chennai | Disease: fever | Total Cases: 1
2026-02-23 22:05:46,295 - INFO - Village: chennai | Disease: fever | Total Cases: 2
2026-02-23 22:06:01,467 - INFO - Village: chennai | Disease: fever | Total Cases: 3
2026-02-23 22:06:01,761 - WARNING - \u26a0 Outbreak Alert Created | Village: chennai | Disease: fever | Severity: Medium
2026-02-23 22:06:19,295 - INFO - User logged in: harivenkatesh463@gmail.com
2026-02-23 22:16:17,175 - INFO - User logged in: vinay@gmail.com
2026-02-23 22:16:53,243 - INFO - Village: goa | Disease: fever | Total Cases: 1
2026-02-23 22:17:14,434 - INFO - Village: goa | Disease: fever | Total Cases: 2
2026-02-23 22:17:44,129 - INFO - Village: goa | Disease: fever | Total Cases: 3
2026-02-23 22:17:44,161 - WARNING - \u26a0 Outbreak Alert Created | Village: goa | Disease: fever | Severity: Medium
2026-02-23 22:18:14,977 - INFO - Village: goa | Disease: fever | Total Cases: 4
2026-02-23 22:18:15,060 - INFO - Duplicate alert prevented for goa - fever
2026-02-23 22:18:41,028 - INFO - User logged in: hari@gmail.com
2026-02-23 22:39:27,013 - INFO - User logged in: vinay@gmail.com
2026-02-23 22:39:49,128 - INFO - Village: odisha | Disease: diarrhea | Total Cases: 1
2026-02-23 22:40:07,245 - INFO - Village: odisha | Disease: diarrhea | Total Cases: 2
2026-02-23 22:40:25,774 - INFO - Village: odisha | Disease: diarrhea | Total Cases: 3
2026-02-23 22:40:26,076 - WARNING - New Outbreak Alert | Village: odisha | Severity: Medium
2026-02-23 22:40:46,478 - INFO - Village: odisha | Disease: diarrhea | Total Cases: 4
2026-02-23 22:40:46,684 - INFO - Alert UPDATED | Village: odisha | Severity: High
2026-02-23 22:41:08,762 - INFO - User logged in: harivenkatesh463@gmail.com
2026-02-23 22:41:33,440 - INFO - User logged in: vinay@gmail.com
2026-02-23 22:41:51,895 - INFO - Village: a | Disease: vomiting | Total Cases: 1
2026-02-23 22:41:59,988 - INFO - Village: a | Disease: vomiting | Total Cases: 2
2026-02-23 22:42:14,437 - INFO - Village: a | Disease: vomiting | Total Cases: 3
2026-02-23 22:42:14,731 - WARNING - New Outbreak Alert | Village: a | Severity: Medium
2026-02-23 22:42:25,799 - INFO - Village: a | Disease: vomiting | Total Cases: 4
2026-02-23 22:42:25,855 - INFO - Alert UPDATED | Village: a | Severity: High
2026-02-23 22:42:37,253 - INFO - Village: a | Disease: vomiting | Total Cases: 5
2026-02-23 22:42:37,489 - INFO - Alert UPDATED | Village: a | Severity: Critical
2026-02-23 22:42:49,857 - INFO - Village: a | Disease: vomiting | Total Cases: 6
2026-02-23 22:42:50,047 - INFO - Alert UPDATED | Village: a | Severity: Critical
2026-02-23 22:43:01,427 - INFO - Village: a | Disease: vomiting | Total Cases: 7
2026-02-23 22:43:01,728 - INFO - Alert UPDATED | Village: a | Severity: Critical
2026-02-23 22:43:14,055 - INFO - User logged in: harivenkatesh463@gmail.com
2026-02-23 22:47:59,444 - INFO - User logged in: vinay@gmail.com
2026-02-23 22:48:48,579 - INFO - Village: chennai | Disease: fever | Total Cases: 1
2026-02-23 22:49:06,917 - INFO - Village: chennai | Disease: fever | Total Cases: 2
2026-02-23 22:49:20,524 - INFO - Village: chennai | Disease: fever | Total Cases: 3
2026-02-23 22:49:20,561 - WARNING - New Outbreak Alert | Village: chennai | Severity: Medium
2026-02-23 22:49:55,952 - INFO - Village: chennai | Disease: fever | Total Cases: 4
2026-02-23 22:49:56,152 - INFO - Alert UPDATED | Village: chennai | Severity: High
2026-02-23 22:50:08,354 - INFO - User logged in: harivenkatesh463@gmail.com
2026-02-23 22:51:22,701 - INFO - User logged in: vinay@gmail.com
2026-02-23 22:51:44,501 - INFO - Village: chennai | Disease: fever | Total Cases: 5
2026-02-23 22:51:44,901 - INFO - Alert UPDATED | Village: chennai | Severity: Critical
2026-02-23 22:52:32,513 - INFO - Village: chennai | Disease: vomiting | Total Cases: 1
2026-02-23 22:52:44,964 - INFO - Village: chennai | Disease: vomiting | Total Cases: 2
2026-02-23 22:52:56,792 - INFO - Village: chennai | Disease: vomiting | Total Cases: 3
2026-02-23 22:52:56,998 - WARNING - New Outbreak Alert | Village: chennai | Severity: Medium
2026-02-23 22:53:24,892 - INFO - User logged in: harivenkatesh463@gmail.com
2026-02-27 16:29:01,813 - INFO - User logged in: vinay@gmail.com
2026-02-27 16:29:51,892 - INFO - Village: manipur | Disease: fever | Total Cases: 1
2026-02-27 16:30:15,127 - INFO - User logged in: hari@gmail.com
2026-02-27 16:33:26,458 - INFO - User logged in: vinay@gmail.com
2026-02-27 16:33:58,349 - INFO - User logged in: hari@gmail.com
2026-02-27 16:34:46,598 - INFO - User logged in: vinay@gmail.com
2026-02-27 16:35:07,973 - INFO - Village: manipur | Disease: diarrhea | Total Cases: 1
2026-02-27 16:35:24,363 - INFO - Village: manipur | Disease: jaundice | Total Cases: 1
2026-02-27 16:35:56,225 - INFO - User logged in: harivenkatesh463@gmail.com
2026-02-27 16:37:20,770 - INFO - User logged in: vinay@gmail.com
2026-02-27 16:37:42,704 - INFO - Village: kerala | Disease: diarrhea | Total Cases: 1
2026-02-27 16:38:04,217 - INFO - User logged in: harivenkatesh463@gmail.com
2026-02-27 16:51:10,508 - INFO - User logged in: harivenkatesh463@gmail.com
2026-02-27 16:51:50,975 - INFO - User logged in: vinay@gmail.com
2026-02-27 16:52:26,025 - INFO - Village: pondy | Disease: diarrhea | Total Cases: 1
2026-02-27 16:52:38,319 - INFO - Village: pondy | Disease: diarrhea | Total Cases: 2
2026-02-27 16:52:49,900 - INFO - Village: pondy | Disease: diarrhea | Total Cases: 3
2026-02-27 16:52:50,102 - WARNING - New Outbreak Alert | Village: pondy | Severity: Medium
2026-02-27 16:53:05,470 - INFO - Village: vizag | Disease: diarrhea | Total Cases: 1
2026-02-27 16:53:18,042 - INFO - Village: vizag | Disease: diarrhea | Total Cases: 2
2026-02-27 16:53:32,290 - INFO - Village: vizag | Disease: diarrhea | Total Cases: 3
2026-02-27 16:53:32,410 - WARNING - New Outbreak Alert | Village: vizag | Severity: Medium
2026-02-27 16:53:44,160 - INFO - Village: vizag | Disease: diarrhea | Total Cases: 4
2026-02-27 16:53:44,366 - INFO - Alert UPDATED | Village: vizag | Severity: High
2026-02-27 16:54:02,803 - INFO - Village: a | Disease: diarrhea | Total Cases: 1
2026-02-27 16:54:13,349 - INFO - Village: a | Disease: diarrhea | Total Cases: 2
2026-02-27 16:54:20,836 - INFO - Village: a | Disease: diarrhea | Total Cases: 3
2026-02-27 16:54:20,884 - WARNING - New Outbreak Alert | Village: a | Severity: Medium
2026-02-27 16:54:27,929 - INFO - Village: a | Disease: diarrhea | Total Cases: 4
2026-02-27 16:54:28,098 - INFO - Alert UPDATED | Village: a | Severity: High
2026-02-27 16:54:35,469 - INFO - Village: a | Disease: diarrhea | Total Cases: 5
2026-02-27 16:54:35,662 - INFO - Alert UPDATED | Village: a | Severity: Critical
2026-02-27 16:54:44,267 - INFO - Village: a | Disease: diarrhea | Total Cases: 6
2026-02-27 16:54:44,364 - INFO - Alert UPDATED | Village: a | Severity: Critical
2026-02-27 16:54:51,958 - INFO - Village: a | Disease: diarrhea | Total Cases: 7
2026-02-27 16:54:52,156 - INFO - Alert UPDATED | Village: a | Severity: Critical
2026-02-27 16:55:08,658 - INFO - User logged in: hari@gmail.com
2026-02-27 17:02:16,820 - INFO - User logged in: vinay@gmail.com
2026-02-27 17:03:40,406 - INFO - Village: a | Disease: diarrhea | Total Cases: 8
2026-02-27 17:03:40,486 - INFO - Alert UPDATED | Village: a | Severity: Critical
2026-02-27 17:04:37,182 - INFO - Village: a | Disease: diarrhea | Total Cases: 9
2026-02-27 17:04:37,385 - INFO - Alert UPDATED | Village: a | Severity: Critical
2026-02-27 17:05:13,801 - INFO - Village: b | Disease: diarrhea | Total Cases: 1
2026-02-27 17:05:46,278 - INFO - Village: b | Disease: fever | Total Cases: 1
2026-02-27 17:06:06,770 - INFO - User logged in: hari@gmail.com
2026-02-27 17:09:59,180 - INFO - User logged in: vinay@gmail.com
2026-02-27 17:10:22,404 - INFO - Village: b | Disease: diarrhea | Total Cases: 2
2026-02-27 17:10:34,974 - INFO - Village: a | Disease: diarrhea | Total Cases: 10
2026-02-27 17:10:35,180 - INFO - Alert UPDATED | Village: a | Severity: Critical
2026-02-27 17:12:14,582 - INFO - User logged in: hari@gmail.com
2026-02-27 18:58:10,756 - INFO - User logged in: vinay@gmail.com
2026-02-27 18:58:41,213 - INFO - Village: vanasthalipuram | Disease: fever | Total Cases: 1
2026-02-27 18:59:00,259 - INFO - User logged in: hari@gmail.com
2026-03-03 10:46:12,336 - INFO - User logged in: vinay@gmail.com
2026-03-03 11:11:03,872 - INFO - User logged in: vinay@gmail.com
2026-03-03 11:12:45,369 - INFO - Password changed for user: vinay@gmail.com
2026-03-03 11:13:42,224 - INFO - User logged in: hari@gmail.com
2026-03-03 11:14:46,709 - INFO - Password changed for user: hari@gmail.com
2026-03-03 11:15:46,333 - INFO - User logged in: vinay@gmail.com
2026-03-03 11:28:43,946 - INFO - User logged in: vinay@gmail.com
2026-03-03 11:29:34,029 - INFO - User logged in: hari@gmail.com
2026-03-03 11:30:37,481 - INFO - Password changed for user: hari@gmail.com
2026-03-03 11:30:50,998 - INFO - User logged in: hari@gmail.com
2026-03-03 11:31:18,632 - INFO - User logged in: vinay@gmail.com
2026-03-03 11:31:40,471 - INFO - Password changed for user: vinay@gmail.com
2026-03-03 11:31:52,948 - INFO - User logged in: vinay@gmail.com
2026-03-04 21:56:14,744 - INFO - User logged in: harivenkatesh141@gmail.com
2026-03-04 21:59:30,037 - INFO - User logged in: harivenkatesh463@gmail.com
2026-03-04 23:35:41,468 - INFO - User logged in: harivenkatesh141@gmail.com
2026-03-04 23:42:27,908 - INFO - User logged in: harivenkatesh141@gmail.com
2026-03-04 23:44:44,361 - INFO - User logged in: harivenkatesh463@gmail.com
2026-03-05 20:11:16,688 - INFO - User logged in: harivenkatesh141@gmail.com
2026-03-05 20:13:32,889 - INFO - Village: miyapur | Disease: diarrhea | Total Cases: 1
2026-03-05 20:13:53,885 - INFO - Village: miyapur | Disease: diarrhea | Total Cases: 2
2026-03-05 20:14:15,372 - INFO - Village: miyapur | Disease: diarrhea | Total Cases: 3
2026-03-05 20:14:15,589 - WARNING - New Outbreak Alert | Village: miyapur | Severity: Medium
2026-03-05 20:14:18,967 - ERROR - Alert email sending failed: 'list' object has no attribute 'encode'
2026-03-05 20:22:20,423 - INFO - User logged in: harivenkatesh141@gmail.com
2026-03-05 20:23:07,590 - INFO - Village: miyapur | Disease: diarrhea | Total Cases: 4
2026-03-05 20:23:07,774 - INFO - Alert UPDATED | Village: miyapur | Severity: High
2026-03-05 20:23:13,298 - INFO - Alert email sent to all admins and volunteers
2026-03-05 21:59:48,148 - INFO - User logged in: harivenkatesh141@gmail.com
2026-03-05 22:00:13,708 - INFO - Village: ha | Disease: diarrhea | Total Cases: 1
2026-03-05 22:00:28,560 - INFO - Village: ha | Disease: fever | Total Cases: 1
2026-03-05 22:00:45,959 - INFO - Village: ha | Disease: diarrhea | Total Cases: 2
2026-03-05 22:00:55,377 - INFO - Village: ha | Disease: diarrhea | Total Cases: 3
2026-03-05 22:00:55,550 - WARNING - New Outbreak Alert | Village: ha | Severity: Medium
2026-03-05 22:08:21,133 - INFO - User logged in: harivenkatesh141@gmail.com
2026-03-05 22:08:58,413 - INFO - Village: b | Disease: diarrhea | Total Cases: 1
2026-03-05 22:09:02,625 - INFO - Village: b | Disease: diarrhea | Total Cases: 2
2026-03-05 22:09:06,708 - INFO - Village: b | Disease: diarrhea | Total Cases: 3
2026-03-05 22:09:07,012 - WARNING - New Outbreak Alert | Village: b | Severity: Medium
2026-03-05 22:14:30,114 - INFO - User logged in: harivenkatesh141@gmail.com
2026-03-05 22:15:03,576 - INFO - Village: b | Disease: diarrhea | Total Cases: 4
2026-03-05 22:15:03,625 - INFO - Alert UPDATED | Village: b | Severity: High
2026-03-05 22:16:06,660 - INFO - Village: b | Disease: diarrhea | Total Cases: 5
2026-03-05 22:16:06,861 - INFO - Alert UPDATED | Village: b | Severity: Critical
2026-03-05 22:16:11,983 - INFO - Alert email sent to all admins and volunteers
2026-03-05 22:19:01,973 - INFO - Village: ha | Disease: diarrhea | Total Cases: 6
2026-03-05 22:19:02,278 - INFO - Alert UPDATED | Village: ha | Severity: Critical
2026-03-05 22:19:07,195 - INFO - Alert email sent to all admins and volunteers
2026-03-05 22:19:21,728 - INFO - Village: ha | Disease: diarrhea | Total Cases: 7
2026-03-05 22:19:22,055 - INFO - Alert UPDATED | Village: ha | Severity: Critical
2026-03-05 22:19:27,369 - INFO - Alert email sent to all admins and volunteers
2026-03-05 22:30:40,351 - INFO - Village: ha | Disease: diarrhea | Total Cases: 9
2026-03-05 22:30:40,547 - INFO - Alert UPDATED | Village: ha | Severity: Critical
2026-03-05 22:30:45,361 - INFO - Alert email sent to all admins and volunteers
